0 info it worked if it ends with ok
1 verbose cli [
1 verbose cli   'C:\\Program Files\\nodejs\\node.exe',
1 verbose cli   'C:\\Users\\sowmya\\AppData\\Roaming\\npm\\node_modules\\npm\\bin\\npm-cli.js',
1 verbose cli   'start'
1 verbose cli ]
2 info using npm@3.10.10
3 info using node@v14.17.0
4 verbose run-script [ 'prestart', 'start', 'poststart' ]
5 info lifecycle task-1@1.0.0~prestart: task-1@1.0.0
6 silly lifecycle task-1@1.0.0~prestart: no script for prestart, continuing
7 info lifecycle task-1@1.0.0~start: task-1@1.0.0
8 verbose lifecycle task-1@1.0.0~start: unsafe-perm in lifecycle true
9 verbose lifecycle task-1@1.0.0~start: PATH: C:\Users\sowmya\AppData\Roaming\npm\node_modules\npm\bin\node-gyp-bin;C:\Users\sowmya\Desktop\node js & Mongo DB\task-1\node_modules\.bin;C:\Program Files\Amazon Corretto\jdk11.0.9_12\bin;C:\Windows\system32;C:\Windows;C:\Windows\System32\Wbem;C:\Windows\System32\WindowsPowerShell\v1.0\;C:\Windows\System32\OpenSSH\;C:\Program Files (x86)\NVIDIA Corporation\PhysX\Common;C:\Program Files\Git\cmd;C:\Program Files\Git\bin\;C:\Users\sowmya\Downloads\mongodb-shell-windows-x86_64-4.4.5\mongodb-win32-x86_64-windows-4.4.5\bin;C:\Users\sowmya\Downloads\mongodb-shell-windows-x86_64-4.4.5\mongodb-win32-x86_64-windows-4.4.5\bin;C:\Program Files\nodejs\;C:\Users\sowmya\AppData\Local\Microsoft\WindowsApps;C:\Users\sowmya\AppData\Local\Programs\Microsoft VS Code\bin;C:\Users\sowmya\AppData\Roaming\npm
10 verbose lifecycle task-1@1.0.0~start: CWD: C:\Users\sowmya\Desktop\node js & Mongo DB\task-1
11 silly lifecycle task-1@1.0.0~start: Args: [ '/d /s /c', 'node index.js' ]
12 silly lifecycle task-1@1.0.0~start: Returned: code: 1  signal: null
13 info lifecycle task-1@1.0.0~start: Failed to exec start script
14 verbose stack Error: task-1@1.0.0 start: `node index.js`
14 verbose stack Exit status 1
14 verbose stack     at EventEmitter.<anonymous> (C:\Users\sowmya\AppData\Roaming\npm\node_modules\npm\lib\utils\lifecycle.js:255:16)
14 verbose stack     at EventEmitter.emit (events.js:376:20)
14 verbose stack     at ChildProcess.<anonymous> (C:\Users\sowmya\AppData\Roaming\npm\node_modules\npm\lib\utils\spawn.js:40:14)
14 verbose stack     at ChildProcess.emit (events.js:376:20)
14 verbose stack     at maybeClose (internal/child_process.js:1055:16)
14 verbose stack     at Process.ChildProcess._handle.onexit (internal/child_process.js:288:5)
15 verbose pkgid task-1@1.0.0
16 verbose cwd C:\Users\sowmya\Desktop\node js & Mongo DB\task-1
17 error Windows_NT 10.0.17134
18 error argv "C:\\Program Files\\nodejs\\node.exe" "C:\\Users\\sowmya\\AppData\\Roaming\\npm\\node_modules\\npm\\bin\\npm-cli.js" "start"
19 error node v14.17.0
20 error npm  v3.10.10
21 error code ELIFECYCLE
22 error task-1@1.0.0 start: `node index.js`
22 error Exit status 1
23 error Failed at the task-1@1.0.0 start script 'node index.js'.
23 error Make sure you have the latest version of node.js and npm installed.
23 error If you do, this is most likely a problem with the task-1 package,
23 error not with npm itself.
23 error Tell the author that this fails on your system:
23 error     node index.js
23 error You can get information on how to open an issue for this project with:
23 error     npm bugs task-1
23 error Or if that isn't available, you can get their info via:
23 error     npm owner ls task-1
23 error There is likely additional logging output above.
24 verbose exit [ 1, true ]
